app/build/intermediates/manifest_merge_blame_file/debug/manifest-merger-blame-debug-report.txt
1<?xml version="1.0" encoding="utf-8"?>
2<manifest xmlns:android="http://schemas.android.com/apk/res/android"
3    package="com.example.ecommerceapp"
4    android:versionCode="1"
5    android:versionName="1.0" >
6
7    <uses-sdk
8        android:minSdkVersion="24"
9        android:targetSdkVersion="34" />
10
11    <uses-permission android:name="android.permission.INTERNET" />
11-->src/main/AndroidManifest.xml:3:5-67
11-->src/main/AndroidManifest.xml:3:22-64
12    <uses-permission android:name="android.permission.ACCESS_NETWORK_STATE" />
12-->[com.google.firebase:firebase-auth:24.0.1] AndroidManifest.xml:26:5-79
12-->[com.google.firebase:firebase-auth:24.0.1] AndroidManifest.xml:26:22-76
13    <uses-permission android:name="android.permission.USE_BIOMETRIC" /> <!-- suppress DeprecatedClassUsageInspection -->
13-->[androidx.biometric:biometric:1.1.0] AndroidManifest.xml:24:5-72
13-->[androidx.biometric:biometric:1.1.0] AndroidManifest.xml:24:22-69
14    <uses-permission android:name="android.permission.USE_FINGERPRINT" />
14-->[androidx.biometric:biometric:1.1.0] AndroidManifest.xml:27:5-74
14-->[androidx.biometric:biometric:1.1.0] AndroidManifest.xml:27:22-71
15    <uses-permission android:name="com.google.android.providers.gsf.permission.READ_GSERVICES" />
15-->[com.google.android.recaptcha:recaptcha:18.6.1] AndroidManifest.xml:9:5-98
15-->[com.google.android.recaptcha:recaptcha:18.6.1] AndroidManifest.xml:9:22-95
16
17    <permission
17-->[androidx.core:core:1.15.0] AndroidManifest.xml:22:5-24:47
18        android:name="com.example.ecommerceapp.DYNAMIC_RECEIVER_NOT_EXPORTED_PERMISSION"
18-->[androidx.core:core:1.15.0] AndroidManifest.xml:23:9-81
19        android:protectionLevel="signature" />
19-->[androidx.core:core:1.15.0] AndroidManifest.xml:24:9-44
20
21    <uses-permission android:name="com.example.ecommerceapp.DYNAMIC_RECEIVER_NOT_EXPORTED_PERMISSION" />
21-->[androidx.core:core:1.15.0] AndroidManifest.xml:26:5-97
21-->[androidx.core:core:1.15.0] AndroidManifest.xml:26:22-94
22
23    <application
23-->src/main/AndroidManifest.xml:4:5-19:19
24        android:name="com.example.ecommerceapp.MyApp"
24-->src/main/AndroidManifest.xml:5:9-30
25        android:allowBackup="true"
25-->src/main/AndroidManifest.xml:6:9-35
26        android:appComponentFactory="androidx.core.app.CoreComponentFactory"
26-->[androidx.core:core:1.15.0] AndroidManifest.xml:28:18-86
27        android:debuggable="true"
28        android:extractNativeLibs="false"
29        android:label="@string/app_name"
29-->src/main/AndroidManifest.xml:7:9-41
30        android:supportsRtl="true"
30-->src/main/AndroidManifest.xml:8:9-35
31        android:testOnly="true"
32        android:theme="@style/Theme.ECommerceApp" >
32-->src/main/AndroidManifest.xml:9:9-50
33        <activity
33-->src/main/AndroidManifest.xml:10:9-18:20
34            android:name="com.example.ecommerceapp.MainActivity"
34-->src/main/AndroidManifest.xml:11:13-41
35            android:exported="true"
35-->src/main/AndroidManifest.xml:12:13-36
36            android:theme="@style/Theme.ECommerceApp" >
36-->src/main/AndroidManifest.xml:13:13-54
37            <intent-filter>
37-->src/main/AndroidManifest.xml:14:13-17:29
38                <action android:name="android.intent.action.MAIN" />
38-->src/main/AndroidManifest.xml:15:17-69
38-->src/main/AndroidManifest.xml:15:25-66
39
40                <category android:name="android.intent.category.LAUNCHER" />
40-->src/main/AndroidManifest.xml:16:17-77
40-->src/main/AndroidManifest.xml:16:27-74
41            </intent-filter>
42        </activity>
43        <activity
43-->[androidx.compose.ui:ui-tooling-android:1.6.0] AndroidManifest.xml:23:9-25:39
44            android:name="androidx.compose.ui.tooling.PreviewActivity"
44-->[androidx.compose.ui:ui-tooling-android:1.6.0] AndroidManifest.xml:24:13-71
45            android:exported="true" />
45-->[androidx.compose.ui:ui-tooling-android:1.6.0] AndroidManifest.xml:25:13-36
46        <activity
46-->[androidx.compose.ui:ui-test-manifest:1.6.0] AndroidManifest.xml:23:9-25:39
47            android:name="androidx.activity.ComponentActivity"
47-->[androidx.compose.ui:ui-test-manifest:1.6.0] AndroidManifest.xml:24:13-63
48            android:exported="true" />
48-->[androidx.compose.ui:ui-test-manifest:1.6.0] AndroidManifest.xml:25:13-36
49
50        <service
50-->[com.google.firebase:firebase-auth-ktx:22.3.1] AndroidManifest.xml:8:9-14:19
51            android:name="com.google.firebase.components.ComponentDiscoveryService"
51-->[com.google.firebase:firebase-auth-ktx:22.3.1] AndroidManifest.xml:9:13-84
52            android:directBootAware="true"
52-->[com.google.firebase:firebase-common:22.0.1] AndroidManifest.xml:32:13-43
53            android:exported="false" >
53-->[com.google.firebase:firebase-auth-ktx:22.3.1] AndroidManifest.xml:10:13-37
54            <meta-data
54-->[com.google.firebase:firebase-auth-ktx:22.3.1] AndroidManifest.xml:11:13-13:85
55                android:name="com.google.firebase.components:com.google.firebase.auth.ktx.FirebaseAuthLegacyRegistrar"
55-->[com.google.firebase:firebase-auth-ktx:22.3.1] AndroidManifest.xml:12:17-119
56                android:value="com.google.firebase.components.ComponentRegistrar" />
56-->[com.google.firebase:firebase-auth-ktx:22.3.1] AndroidManifest.xml:13:17-82
57            <meta-data
57-->[com.google.firebase:firebase-auth:24.0.1] AndroidManifest.xml:69:13-71:85
58                android:name="com.google.firebase.components:com.google.firebase.auth.FirebaseAuthRegistrar"
58-->[com.google.firebase:firebase-auth:24.0.1] AndroidManifest.xml:70:17-109
59                android:value="com.google.firebase.components.ComponentRegistrar" />
59-->[com.google.firebase:firebase-auth:24.0.1] AndroidManifest.xml:71:17-82
60            <meta-data
60-->[com.google.firebase:firebase-database:22.0.1] AndroidManifest.xml:29:13-31:85
61                android:name="com.google.firebase.components:com.google.firebase.database.FirebaseDatabaseKtxRegistrar"
61-->[com.google.firebase:firebase-database:22.0.1] AndroidManifest.xml:30:17-120
62                android:value="com.google.firebase.components.ComponentRegistrar" />
62-->[com.google.firebase:firebase-database:22.0.1] AndroidManifest.xml:31:17-82
63            <meta-data
63-->[com.google.firebase:firebase-database:22.0.1] AndroidManifest.xml:32:13-34:85
64                android:name="com.google.firebase.components:com.google.firebase.database.DatabaseRegistrar"
64-->[com.google.firebase:firebase-database:22.0.1] AndroidManifest.xml:33:17-109
65                android:value="com.google.firebase.components.ComponentRegistrar" />
65-->[com.google.firebase:firebase-database:22.0.1] AndroidManifest.xml:34:17-82
66            <meta-data
66-->[com.google.firebase:firebase-storage-ktx:20.3.0] AndroidManifest.xml:12:13-14:85
67                android:name="com.google.firebase.components:com.google.firebase.storage.ktx.FirebaseStorageLegacyRegistrar"
67-->[com.google.firebase:firebase-storage-ktx:20.3.0] AndroidManifest.xml:13:17-125
68                android:value="com.google.firebase.components.ComponentRegistrar" />
68-->[com.google.firebase:firebase-storage-ktx:20.3.0] AndroidManifest.xml:14:17-82
69            <meta-data
69-->[com.google.firebase:firebase-storage:20.3.0] AndroidManifest.xml:30:13-32:85
70                android:name="com.google.firebase.components:com.google.firebase.storage.FirebaseStorageKtxRegistrar"
70-->[com.google.firebase:firebase-storage:20.3.0] AndroidManifest.xml:31:17-118
71                android:value="com.google.firebase.components.ComponentRegistrar" />
71-->[com.google.firebase:firebase-storage:20.3.0] AndroidManifest.xml:32:17-82
72            <meta-data
72-->[com.google.firebase:firebase-storage:20.3.0] AndroidManifest.xml:33:13-35:85
73                android:name="com.google.firebase.components:com.google.firebase.storage.StorageRegistrar"
73-->[com.google.firebase:firebase-storage:20.3.0] AndroidManifest.xml:34:17-107
74                android:value="com.google.firebase.components.ComponentRegistrar" />
74-->[com.google.firebase:firebase-storage:20.3.0] AndroidManifest.xml:35:17-82
75            <meta-data
75-->[com.google.firebase:firebase-firestore-ktx:24.10.2] AndroidManifest.xml:12:13-14:85
76                android:name="com.google.firebase.components:com.google.firebase.firestore.ktx.FirebaseFirestoreLegacyRegistrar"
76-->[com.google.firebase:firebase-firestore-ktx:24.10.2] AndroidManifest.xml:13:17-129
77                android:value="com.google.firebase.components.ComponentRegistrar" />
77-->[com.google.firebase:firebase-firestore-ktx:24.10.2] AndroidManifest.xml:14:17-82
78            <meta-data
78-->[com.google.firebase:firebase-firestore:24.10.2] AndroidManifest.xml:17:13-19:85
79                android:name="com.google.firebase.components:com.google.firebase.firestore.FirebaseFirestoreKtxRegistrar"
79-->[com.google.firebase:firebase-firestore:24.10.2] AndroidManifest.xml:18:17-122
80                android:value="com.google.firebase.components.ComponentRegistrar" />
80-->[com.google.firebase:firebase-firestore:24.10.2] AndroidManifest.xml:19:17-82
81            <meta-data
81-->[com.google.firebase:firebase-firestore:24.10.2] AndroidManifest.xml:20:13-22:85
82                android:name="com.google.firebase.components:com.google.firebase.firestore.FirestoreRegistrar"
82-->[com.google.firebase:firebase-firestore:24.10.2] AndroidManifest.xml:21:17-111
83                android:value="com.google.firebase.components.ComponentRegistrar" />
83-->[com.google.firebase:firebase-firestore:24.10.2] AndroidManifest.xml:22:17-82
84            <meta-data
84-->[com.google.firebase:firebase-appcheck:17.1.2] AndroidManifest.xml:25:13-27:85
85                android:name="com.google.firebase.components:com.google.firebase.appcheck.FirebaseAppCheckKtxRegistrar"
85-->[com.google.firebase:firebase-appcheck:17.1.2] AndroidManifest.xml:26:17-120
86                android:value="com.google.firebase.components.ComponentRegistrar" />
86-->[com.google.firebase:firebase-appcheck:17.1.2] AndroidManifest.xml:27:17-82
87            <meta-data
87-->[com.google.firebase:firebase-appcheck:17.1.2] AndroidManifest.xml:28:13-30:85
88                android:name="com.google.firebase.components:com.google.firebase.appcheck.FirebaseAppCheckRegistrar"
88-->[com.google.firebase:firebase-appcheck:17.1.2] AndroidManifest.xml:29:17-117
89                android:value="com.google.firebase.components.ComponentRegistrar" />
89-->[com.google.firebase:firebase-appcheck:17.1.2] AndroidManifest.xml:30:17-82
90            <meta-data
90-->[com.google.firebase:firebase-common-ktx:20.4.2] AndroidManifest.xml:12:13-14:85
91                android:name="com.google.firebase.components:com.google.firebase.ktx.FirebaseCommonLegacyRegistrar"
91-->[com.google.firebase:firebase-common-ktx:20.4.2] AndroidManifest.xml:13:17-116
92                android:value="com.google.firebase.components.ComponentRegistrar" />
92-->[com.google.firebase:firebase-common-ktx:20.4.2] AndroidManifest.xml:14:17-82
93            <meta-data
93-->[com.google.firebase:firebase-common:22.0.1] AndroidManifest.xml:35:13-37:85
94                android:name="com.google.firebase.components:com.google.firebase.FirebaseCommonKtxRegistrar"
94-->[com.google.firebase:firebase-common:22.0.1] AndroidManifest.xml:36:17-109
95                android:value="com.google.firebase.components.ComponentRegistrar" />
95-->[com.google.firebase:firebase-common:22.0.1] AndroidManifest.xml:37:17-82
96        </service>
97
98        <activity
98-->[com.google.firebase:firebase-auth:24.0.1] AndroidManifest.xml:29:9-46:20
99            android:name="com.google.firebase.auth.internal.GenericIdpActivity"
99-->[com.google.firebase:firebase-auth:24.0.1] AndroidManifest.xml:30:13-80
100            android:excludeFromRecents="true"
100-->[com.google.firebase:firebase-auth:24.0.1] AndroidManifest.xml:31:13-46
101            android:exported="true"
101-->[com.google.firebase:firebase-auth:24.0.1] AndroidManifest.xml:32:13-36
102            android:launchMode="singleTask"
102-->[com.google.firebase:firebase-auth:24.0.1] AndroidManifest.xml:33:13-44
103            android:theme="@android:style/Theme.Translucent.NoTitleBar" >
103-->[com.google.firebase:firebase-auth:24.0.1] AndroidManifest.xml:34:13-72
104            <intent-filter>
104-->[com.google.firebase:firebase-auth:24.0.1] AndroidManifest.xml:35:13-45:29
105                <action android:name="android.intent.action.VIEW" />
105-->[com.google.firebase:firebase-auth:24.0.1] AndroidManifest.xml:36:17-69
105-->[com.google.firebase:firebase-auth:24.0.1] AndroidManifest.xml:36:25-66
106
107                <category android:name="android.intent.category.DEFAULT" />
107-->[com.google.firebase:firebase-auth:24.0.1] AndroidManifest.xml:38:17-76
107-->[com.google.firebase:firebase-auth:24.0.1] AndroidManifest.xml:38:27-73
108                <category android:name="android.intent.category.BROWSABLE" />
108-->[com.google.firebase:firebase-auth:24.0.1] AndroidManifest.xml:39:17-78
108-->[com.google.firebase:firebase-auth:24.0.1] AndroidManifest.xml:39:27-75
109
110                <data
110-->[com.google.firebase:firebase-auth:24.0.1] AndroidManifest.xml:41:17-44:51
111                    android:host="firebase.auth"
111-->[com.google.firebase:firebase-auth:24.0.1] AndroidManifest.xml:42:21-49
112                    android:path="/"
112-->[com.google.firebase:firebase-auth:24.0.1] AndroidManifest.xml:43:21-37
113                    android:scheme="genericidp" />
113-->[com.google.firebase:firebase-auth:24.0.1] AndroidManifest.xml:44:21-48
114            </intent-filter>
115        </activity>
116        <activity
116-->[com.google.firebase:firebase-auth:24.0.1] AndroidManifest.xml:47:9-64:20
117            android:name="com.google.firebase.auth.internal.RecaptchaActivity"
117-->[com.google.firebase:firebase-auth:24.0.1] AndroidManifest.xml:48:13-79
118            android:excludeFromRecents="true"
118-->[com.google.firebase:firebase-auth:24.0.1] AndroidManifest.xml:49:13-46
119            android:exported="true"
119-->[com.google.firebase:firebase-auth:24.0.1] AndroidManifest.xml:50:13-36
120            android:launchMode="singleTask"
120-->[com.google.firebase:firebase-auth:24.0.1] AndroidManifest.xml:51:13-44
121            android:theme="@android:style/Theme.Translucent.NoTitleBar" >
121-->[com.google.firebase:firebase-auth:24.0.1] AndroidManifest.xml:52:13-72
122            <intent-filter>
122-->[com.google.firebase:firebase-auth:24.0.1] AndroidManifest.xml:53:13-63:29
123                <action android:name="android.intent.action.VIEW" />
123-->[com.google.firebase:firebase-auth:24.0.1] AndroidManifest.xml:36:17-69
123-->[com.google.firebase:firebase-auth:24.0.1] AndroidManifest.xml:36:25-66
124
125                <category android:name="android.intent.category.DEFAULT" />
125-->[com.google.firebase:firebase-auth:24.0.1] AndroidManifest.xml:38:17-76
125-->[com.google.firebase:firebase-auth:24.0.1] AndroidManifest.xml:38:27-73
126                <category android:name="android.intent.category.BROWSABLE" />
126-->[com.google.firebase:firebase-auth:24.0.1] AndroidManifest.xml:39:17-78
126-->[com.google.firebase:firebase-auth:24.0.1] AndroidManifest.xml:39:27-75
127
128                <data
128-->[com.google.firebase:firebase-auth:24.0.1] AndroidManifest.xml:41:17-44:51
129                    android:host="firebase.auth"
129-->[com.google.firebase:firebase-auth:24.0.1] AndroidManifest.xml:42:21-49
130                    android:path="/"
130-->[com.google.firebase:firebase-auth:24.0.1] AndroidManifest.xml:43:21-37
131                    android:scheme="recaptcha" />
131-->[com.google.firebase:firebase-auth:24.0.1] AndroidManifest.xml:44:21-48
132            </intent-filter>
133        </activity>
134
135        <service
135-->[androidx.credentials:credentials-play-services-auth:1.6.0-beta01] AndroidManifest.xml:24:9-32:19
136            android:name="androidx.credentials.playservices.CredentialProviderMetadataHolder"
136-->[androidx.credentials:credentials-play-services-auth:1.6.0-beta01] AndroidManifest.xml:25:13-94
137            android:enabled="true"
137-->[androidx.credentials:credentials-play-services-auth:1.6.0-beta01] AndroidManifest.xml:26:13-35
138            android:exported="false" >
138-->[androidx.credentials:credentials-play-services-auth:1.6.0-beta01] AndroidManifest.xml:27:13-37
139            <meta-data
139-->[androidx.credentials:credentials-play-services-auth:1.6.0-beta01] AndroidManifest.xml:29:13-31:104
140                android:name="androidx.credentials.CREDENTIAL_PROVIDER_KEY"
140-->[androidx.credentials:credentials-play-services-auth:1.6.0-beta01] AndroidManifest.xml:30:17-76
141                android:value="androidx.credentials.playservices.CredentialProviderPlayServicesImpl" />
141-->[androidx.credentials:credentials-play-services-auth:1.6.0-beta01] AndroidManifest.xml:31:17-101
142        </service>
143
144        <activity
144-->[androidx.credentials:credentials-play-services-auth:1.6.0-beta01] AndroidManifest.xml:34:9-41:20
145            android:name="androidx.credentials.playservices.controllers.identityauth.HiddenActivity"
145-->[androidx.credentials:credentials-play-services-auth:1.6.0-beta01] AndroidManifest.xml:35:13-101
146            android:configChanges="orientation|screenSize|screenLayout|keyboardHidden"
146-->[androidx.credentials:credentials-play-services-auth:1.6.0-beta01] AndroidManifest.xml:36:13-87
147            android:enabled="true"
147-->[androidx.credentials:credentials-play-services-auth:1.6.0-beta01] AndroidManifest.xml:37:13-35
148            android:exported="false"
148-->[androidx.credentials:credentials-play-services-auth:1.6.0-beta01] AndroidManifest.xml:38:13-37
149            android:fitsSystemWindows="true"
149-->[androidx.credentials:credentials-play-services-auth:1.6.0-beta01] AndroidManifest.xml:39:13-45
150            android:theme="@style/Theme.Hidden" >
150-->[androidx.credentials:credentials-play-services-auth:1.6.0-beta01] AndroidManifest.xml:40:13-48
151        </activity>
152        <activity
152-->[androidx.credentials:credentials-play-services-auth:1.6.0-beta01] AndroidManifest.xml:42:9-49:20
153            android:name="androidx.credentials.playservices.controllers.identitycredentials.IdentityCredentialApiHiddenActivity"
153-->[androidx.credentials:credentials-play-services-auth:1.6.0-beta01] AndroidManifest.xml:43:13-129
154            android:configChanges="orientation|screenSize|screenLayout|keyboardHidden"
154-->[androidx.credentials:credentials-play-services-auth:1.6.0-beta01] AndroidManifest.xml:44:13-87
155            android:enabled="true"
155-->[androidx.credentials:credentials-play-services-auth:1.6.0-beta01] AndroidManifest.xml:45:13-35
156            android:exported="false"
156-->[androidx.credentials:credentials-play-services-auth:1.6.0-beta01] AndroidManifest.xml:46:13-37
157            android:fitsSystemWindows="true"
157-->[androidx.credentials:credentials-play-services-auth:1.6.0-beta01] AndroidManifest.xml:47:13-45
158            android:theme="@style/Theme.Hidden" >
158-->[androidx.credentials:credentials-play-services-auth:1.6.0-beta01] AndroidManifest.xml:48:13-48
159        </activity>
160        <activity
160-->[com.google.android.gms:play-services-auth:21.1.1] AndroidManifest.xml:23:9-27:75
161            android:name="com.google.android.gms.auth.api.signin.internal.SignInHubActivity"
161-->[com.google.android.gms:play-services-auth:21.1.1] AndroidManifest.xml:24:13-93
162            android:excludeFromRecents="true"
162-->[com.google.android.gms:play-services-auth:21.1.1] AndroidManifest.xml:25:13-46
163            android:exported="false"
163-->[com.google.android.gms:play-services-auth:21.1.1] AndroidManifest.xml:26:13-37
164            android:theme="@android:style/Theme.Translucent.NoTitleBar" />
164-->[com.google.android.gms:play-services-auth:21.1.1] AndroidManifest.xml:27:13-72
165        <!--
166            Service handling Google Sign-In user revocation. For apps that do not integrate with
167            Google Sign-In, this service will never be started.
168        -->
169        <service
169-->[com.google.android.gms:play-services-auth:21.1.1] AndroidManifest.xml:33:9-37:51
170            android:name="com.google.android.gms.auth.api.signin.RevocationBoundService"
170-->[com.google.android.gms:play-services-auth:21.1.1] AndroidManifest.xml:34:13-89
171            android:exported="true"
171-->[com.google.android.gms:play-services-auth:21.1.1] AndroidManifest.xml:35:13-36
172            android:permission="com.google.android.gms.auth.api.signin.permission.REVOCATION_NOTIFICATION"
172-->[com.google.android.gms:play-services-auth:21.1.1] AndroidManifest.xml:36:13-107
173            android:visibleToInstantApps="true" />
173-->[com.google.android.gms:play-services-auth:21.1.1] AndroidManifest.xml:37:13-48
174
175        <activity
175-->[com.google.android.gms:play-services-base:18.5.0] AndroidManifest.xml:5:9-173
176            android:name="com.google.android.gms.common.api.GoogleApiActivity"
176-->[com.google.android.gms:play-services-base:18.5.0] AndroidManifest.xml:5:19-85
177            android:exported="false"
177-->[com.google.android.gms:play-services-base:18.5.0] AndroidManifest.xml:5:146-170
178            android:theme="@android:style/Theme.Translucent.NoTitleBar" />
178-->[com.google.android.gms:play-services-base:18.5.0] AndroidManifest.xml:5:86-145
179
180        <provider
180-->[com.google.firebase:firebase-common:22.0.1] AndroidManifest.xml:23:9-28:39
181            android:name="com.google.firebase.provider.FirebaseInitProvider"
181-->[com.google.firebase:firebase-common:22.0.1] AndroidManifest.xml:24:13-77
182            android:authorities="com.example.ecommerceapp.firebaseinitprovider"
182-->[com.google.firebase:firebase-common:22.0.1] AndroidManifest.xml:25:13-72
183            android:directBootAware="true"
183-->[com.google.firebase:firebase-common:22.0.1] AndroidManifest.xml:26:13-43
184            android:exported="false"
184-->[com.google.firebase:firebase-common:22.0.1] AndroidManifest.xml:27:13-37
185            android:initOrder="100" />
185-->[com.google.firebase:firebase-common:22.0.1] AndroidManifest.xml:28:13-36
186
187        <service
187-->[androidx.room:room-runtime:2.6.1] AndroidManifest.xml:24:9-28:63
188            android:name="androidx.room.MultiInstanceInvalidationService"
188-->[androidx.room:room-runtime:2.6.1] AndroidManifest.xml:25:13-74
189            android:directBootAware="true"
189-->[androidx.room:room-runtime:2.6.1] AndroidManifest.xml:26:13-43
190            android:exported="false" />
190-->[androidx.room:room-runtime:2.6.1] AndroidManifest.xml:27:13-37
191
192        <meta-data
192-->[com.google.android.gms:play-services-basement:18.5.0] AndroidManifest.xml:21:9-23:69
193            android:name="com.google.android.gms.version"
193-->[com.google.android.gms:play-services-basement:18.5.0] AndroidManifest.xml:22:13-58
194            android:value="@integer/google_play_services_version" />
194-->[com.google.android.gms:play-services-basement:18.5.0] AndroidManifest.xml:23:13-66
195
196        <provider
196-->[androidx.emoji2:emoji2:1.3.0] AndroidManifest.xml:24:9-32:20
197            android:name="androidx.startup.InitializationProvider"
197-->[androidx.emoji2:emoji2:1.3.0] AndroidManifest.xml:25:13-67
198            android:authorities="com.example.ecommerceapp.androidx-startup"
198-->[androidx.emoji2:emoji2:1.3.0] AndroidManifest.xml:26:13-68
199            android:exported="false" >
199-->[androidx.emoji2:emoji2:1.3.0] AndroidManifest.xml:27:13-37
200            <meta-data
200-->[androidx.emoji2:emoji2:1.3.0] AndroidManifest.xml:29:13-31:52
201                android:name="androidx.emoji2.text.EmojiCompatInitializer"
201-->[androidx.emoji2:emoji2:1.3.0] AndroidManifest.xml:30:17-75
202                android:value="androidx.startup" />
202-->[androidx.emoji2:emoji2:1.3.0] AndroidManifest.xml:31:17-49
203            <meta-data
203-->[androidx.lifecycle:lifecycle-process:2.7.0] AndroidManifest.xml:29:13-31:52
204                android:name="androidx.lifecycle.ProcessLifecycleInitializer"
204-->[androidx.lifecycle:lifecycle-process:2.7.0] AndroidManifest.xml:30:17-78
205                android:value="androidx.startup" />
205-->[androidx.lifecycle:lifecycle-process:2.7.0] AndroidManifest.xml:31:17-49
206            <meta-data
206-->[androidx.profileinstaller:profileinstaller:1.3.1] AndroidManifest.xml:29:13-31:52
207                android:name="androidx.profileinstaller.ProfileInstallerInitializer"
207-->[androidx.profileinstaller:profileinstaller:1.3.1] AndroidManifest.xml:30:17-85
208                android:value="androidx.startup" />
208-->[androidx.profileinstaller:profileinstaller:1.3.1] AndroidManifest.xml:31:17-49
209        </provider>
210
211        <receiver
211-->[androidx.profileinstaller:profileinstaller:1.3.1] AndroidManifest.xml:34:9-52:20
212            android:name="androidx.profileinstaller.ProfileInstallReceiver"
212-->[androidx.profileinstaller:profileinstaller:1.3.1] AndroidManifest.xml:35:13-76
213            android:directBootAware="false"
213-->[androidx.profileinstaller:profileinstaller:1.3.1] AndroidManifest.xml:36:13-44
214            android:enabled="true"
214-->[androidx.profileinstaller:profileinstaller:1.3.1] AndroidManifest.xml:37:13-35
215            android:exported="true"
215-->[androidx.profileinstaller:profileinstaller:1.3.1] AndroidManifest.xml:38:13-36
216            android:permission="android.permission.DUMP" >
216-->[androidx.profileinstaller:profileinstaller:1.3.1] AndroidManifest.xml:39:13-57
217            <intent-filter>
217-->[androidx.profileinstaller:profileinstaller:1.3.1] AndroidManifest.xml:40:13-42:29
218                <action android:name="androidx.profileinstaller.action.INSTALL_PROFILE" />
218-->[androidx.profileinstaller:profileinstaller:1.3.1] AndroidManifest.xml:41:17-91
218-->[androidx.profileinstaller:profileinstaller:1.3.1] AndroidManifest.xml:41:25-88
219            </intent-filter>
220            <intent-filter>
220-->[androidx.profileinstaller:profileinstaller:1.3.1] AndroidManifest.xml:43:13-45:29
221                <action android:name="androidx.profileinstaller.action.SKIP_FILE" />
221-->[androidx.profileinstaller:profileinstaller:1.3.1] AndroidManifest.xml:44:17-85
221-->[androidx.profileinstaller:profileinstaller:1.3.1] AndroidManifest.xml:44:25-82
222            </intent-filter>
223            <intent-filter>
223-->[androidx.profileinstaller:profileinstaller:1.3.1] AndroidManifest.xml:46:13-48:29
224                <action android:name="androidx.profileinstaller.action.SAVE_PROFILE" />
224-->[androidx.profileinstaller:profileinstaller:1.3.1] AndroidManifest.xml:47:17-88
224-->[androidx.profileinstaller:profileinstaller:1.3.1] AndroidManifest.xml:47:25-85
225            </intent-filter>
226            <intent-filter>
226-->[androidx.profileinstaller:profileinstaller:1.3.1] AndroidManifest.xml:49:13-51:29
227                <action android:name="androidx.profileinstaller.action.BENCHMARK_OPERATION" />
227-->[androidx.profileinstaller:profileinstaller:1.3.1] AndroidManifest.xml:50:17-95
227-->[androidx.profileinstaller:profileinstaller:1.3.1] AndroidManifest.xml:50:25-92
228            </intent-filter>
229        </receiver> <!-- The activities will be merged into the manifest of the hosting app. -->
230        <activity
230-->[com.google.android.play:core-common:2.0.3] AndroidManifest.xml:14:9-18:65
231            android:name="com.google.android.play.core.common.PlayCoreDialogWrapperActivity"
231-->[com.google.android.play:core-common:2.0.3] AndroidManifest.xml:15:13-93
232            android:exported="false"
232-->[com.google.android.play:core-common:2.0.3] AndroidManifest.xml:16:13-37
233            android:stateNotNeeded="true"
233-->[com.google.android.play:core-common:2.0.3] AndroidManifest.xml:17:13-42
234            android:theme="@style/Theme.PlayCore.Transparent" />
234-->[com.google.android.play:core-common:2.0.3] AndroidManifest.xml:18:13-62
235    </application>
236
237</manifest>